<?xml version="1.0" encoding="UTF-8"?>
<testng-results ignored="0" total="1" passed="1" failed="0" skipped="0">
  <reporter-output>
  </reporter-output>
  <suite started-at="2021-01-25T18:18:19 IST" name="Default suite" finished-at="2021-01-25T18:18:36 IST" duration-ms="17465">
    <groups>
    </groups>
    <test started-at="2021-01-25T18:18:19 IST" name="Default test" finished-at="2021-01-25T18:18:36 IST" duration-ms="17465">
      <class name="Demo.DemoQA.AutoTest">
        <test-method is-config="true" signature="navUrl()[pri:0, instance:Demo.DemoQA.AutoTest@524d6d96]" started-at="2021-01-25T18:18:19 IST" name="navUrl" finished-at="2021-01-25T18:18:31 IST" duration-ms="11607" status="PASS">
          <reporter-output>
          </reporter-output>
        </test-method> <!-- navUrl -->
        <test-method signature="T1()[pri:0, instance:Demo.DemoQA.AutoTest@524d6d96]" started-at="2021-01-25T18:18:31 IST" name="T1" finished-at="2021-01-25T18:18:35 IST" duration-ms="4553" status="PASS">
          <reporter-output>
          </reporter-output>
        </test-method> <!-- T1 -->
        <test-method is-config="true" signature="terminate()[pri:0, instance:Demo.DemoQA.AutoTest@524d6d96]" started-at="2021-01-25T18:18:35 IST" name="terminate" finished-at="2021-01-25T18:18:36 IST" duration-ms="1203" status="PASS">
          <reporter-output>
          </reporter-output>
        </test-method> <!-- terminate -->
      </class> <!-- Demo.DemoQA.AutoTest -->
    </test> <!-- Default test -->
  </suite> <!-- Default suite -->
</testng-results>
